[0.050s] Invoking command in '/home/ubuntu/ros2ws/build/abb_rapid_msgs': CMAKE_PREFIX_PATH=${CMAKE_PREFIX_PATH}:/opt/ros/humble /usr/bin/cmake /home/ubuntu/ros2ws/src/ABBDriver/abb_ros2_msgs/abb_rapid_msgs -DAMENT_CMAKE_SYMLINK_INSTALL=1 -DCMAKE_INSTALL_PREFIX=/home/ubuntu/ros2ws/install/abb_rapid_msgs
[0.064s] -- Found rosidl_default_generators: 1.2.0 (/opt/ros/humble/share/rosidl_default_generators/cmake)
[0.067s] -- Found ament_cmake_core: 1.3.10 (/opt/ros/humble/share/ament_cmake_core/cmake)
[0.257s] -- Override CMake install command with custom implementation using symlinks instead of copying resources
[0.264s] -- Using all available rosidl_typesupport_c: rosidl_typesupport_fastrtps_c;rosidl_typesupport_introspection_c
[0.268s] -- Found rosidl_adapter: 3.1.5 (/opt/ros/humble/share/rosidl_adapter/cmake)
[0.338s] -- Using all available rosidl_typesupport_cpp: rosidl_typesupport_fastrtps_cpp;rosidl_typesupport_introspection_cpp
[0.975s] -- Found ament_cmake_ros: 0.10.0 (/opt/ros/humble/share/ament_cmake_ros/cmake)
[1.397s] -- Using all available rosidl_typesupport_c: rosidl_typesupport_fastrtps_c;rosidl_typesupport_introspection_c
[1.878s] -- Using all available rosidl_typesupport_cpp: rosidl_typesupport_fastrtps_cpp;rosidl_typesupport_introspection_cpp
[1.977s] -- Found python_cmake_module: 0.10.0 (/opt/ros/humble/share/python_cmake_module/cmake)
[2.044s] -- Using PYTHON_EXECUTABLE: /usr/bin/python3
[2.044s] -- Using PYTHON_INCLUDE_DIRS: /usr/include/python3.10
[2.045s] -- Using PYTHON_LIBRARIES: /usr/lib/x86_64-linux-gnu/libpython3.10.so
[2.107s] -- Configuring done
[2.238s] -- Generating done
[2.251s] -- Build files have been written to: /home/ubuntu/ros2ws/build/abb_rapid_msgs
[2.268s] Invoked command in '/home/ubuntu/ros2ws/build/abb_rapid_msgs' returned '0': CMAKE_PREFIX_PATH=${CMAKE_PREFIX_PATH}:/opt/ros/humble /usr/bin/cmake /home/ubuntu/ros2ws/src/ABBDriver/abb_ros2_msgs/abb_rapid_msgs -DAMENT_CMAKE_SYMLINK_INSTALL=1 -DCMAKE_INSTALL_PREFIX=/home/ubuntu/ros2ws/install/abb_rapid_msgs
[2.273s] Invoking command in '/home/ubuntu/ros2ws/build/abb_rapid_msgs': CMAKE_PREFIX_PATH=${CMAKE_PREFIX_PATH}:/opt/ros/humble /usr/bin/cmake --build /home/ubuntu/ros2ws/build/abb_rapid_msgs -- -j4 -l4
[2.399s] [35m[1mConsolidate compiler generated dependencies of target abb_rapid_msgs__rosidl_generator_c[0m
[2.424s] [  0%] Built target abb_rapid_msgs__cpp
[2.441s] failed to create symbolic link '/home/ubuntu/ros2ws/build/abb_rapid_msgs/ament_cmake_python/abb_rapid_msgs/abb_rapid_msgs' because existing path cannot be removed: Is a directory
[2.441s] gmake[2]: *** [CMakeFiles/ament_cmake_python_symlink_abb_rapid_msgs.dir/build.make:70: CMakeFiles/ament_cmake_python_symlink_abb_rapid_msgs] Error 1
[2.447s] gmake[1]: *** [CMakeFiles/Makefile2:421: CMakeFiles/ament_cmake_python_symlink_abb_rapid_msgs.dir/all] Error 2
[2.447s] gmake[1]: *** Waiting for unfinished jobs....
[2.448s] [ 12%] Built target abb_rapid_msgs__rosidl_generator_c
[2.472s] [35m[1mConsolidate compiler generated dependencies of target abb_rapid_msgs__rosidl_typesupport_cpp[0m
[2.489s] [35m[1mConsolidate compiler generated dependencies of target abb_rapid_msgs__rosidl_typesupport_fastrtps_cpp[0m
[2.515s] [ 24%] Built target abb_rapid_msgs__rosidl_typesupport_cpp
[2.525s] [ 35%] Built target abb_rapid_msgs__rosidl_typesupport_fastrtps_cpp
[2.529s] gmake: *** [Makefile:146: all] Error 2
[2.534s] Invoked command in '/home/ubuntu/ros2ws/build/abb_rapid_msgs' returned '2': CMAKE_PREFIX_PATH=${CMAKE_PREFIX_PATH}:/opt/ros/humble /usr/bin/cmake --build /home/ubuntu/ros2ws/build/abb_rapid_msgs -- -j4 -l4
