[01m[K/home/ubuntu/ros2ws/src/ros2_SimRealRobotControl/ros2srrc_execution/src/letter_writer_node.cpp:3:10:[m[K [01;31m[Kfatal error: [m[Kros2srrc_execution/Robot_Controller.hpp: No such file or directory
    3 | #include [01;31m[K"ros2srrc_execution/Robot_Controller.hpp"[m[K  // Include the necessary header for robot control
      |          [01;31m[K^~~~~~~~~~~~~~~~~~~~~~~~~~~~~~~~~~~~~~~~~[m[K
compilation terminated.
gmake[2]: *** [CMakeFiles/letter_writer_node.dir/build.make:76: CMakeFiles/letter_writer_node.dir/src/letter_writer_node.cpp.o] Error 1
gmake[1]: *** [CMakeFiles/Makefile2:221: CMakeFiles/letter_writer_node.dir/all] Error 2
gmake: *** [Makefile:146: all] Error 2
