-- Found rosidl_default_generators: 1.2.0 (/opt/ros/humble/share/rosidl_default_generators/cmake)
-- Found ament_cmake_core: 1.3.10 (/opt/ros/humble/share/ament_cmake_core/cmake)
-- Override CMake install command with custom implementation using symlinks instead of copying resources
-- Using all available rosidl_typesupport_c: rosidl_typesupport_fastrtps_c;rosidl_typesupport_introspection_c
-- Found rosidl_adapter: 3.1.5 (/opt/ros/humble/share/rosidl_adapter/cmake)
-- Using all available rosidl_typesupport_cpp: rosidl_typesupport_fastrtps_cpp;rosidl_typesupport_introspection_cpp
-- Found ament_cmake_ros: 0.10.0 (/opt/ros/humble/share/ament_cmake_ros/cmake)
-- Using all available rosidl_typesupport_c: rosidl_typesupport_fastrtps_c;rosidl_typesupport_introspection_c
-- Using all available rosidl_typesupport_cpp: rosidl_typesupport_fastrtps_cpp;rosidl_typesupport_introspection_cpp
-- Found python_cmake_module: 0.10.0 (/opt/ros/humble/share/python_cmake_module/cmake)
-- Using PYTHON_EXECUTABLE: /usr/bin/python3
-- Using PYTHON_INCLUDE_DIRS: /usr/include/python3.10
-- Using PYTHON_LIBRARIES: /usr/lib/x86_64-linux-gnu/libpython3.10.so
-- Configuring done
-- Generating done
-- Build files have been written to: /home/ubuntu/ros2ws/build/abb_rapid_msgs
[35m[1mConsolidate compiler generated dependencies of target abb_rapid_msgs__rosidl_generator_c[0m
[  0%] Built target abb_rapid_msgs__cpp
[ 12%] Built target abb_rapid_msgs__rosidl_generator_c
failed to create symbolic link '/home/ubuntu/ros2ws/build/abb_rapid_msgs/ament_cmake_python/abb_rapid_msgs/abb_rapid_msgs' because existing path cannot be removed: Is a directory
gmake[2]: *** [CMakeFiles/ament_cmake_python_symlink_abb_rapid_msgs.dir/build.make:70: CMakeFiles/ament_cmake_python_symlink_abb_rapid_msgs] Error 1
gmake[1]: *** [CMakeFiles/Makefile2:421: CMakeFiles/ament_cmake_python_symlink_abb_rapid_msgs.dir/all] Error 2
gmake[1]: *** Waiting for unfinished jobs....
[35m[1mConsolidate compiler generated dependencies of target abb_rapid_msgs__rosidl_typesupport_cpp[0m
[35m[1mConsolidate compiler generated dependencies of target abb_rapid_msgs__rosidl_typesupport_fastrtps_cpp[0m
[35m[1mConsolidate compiler generated dependencies of target abb_rapid_msgs__rosidl_typesupport_introspection_cpp[0m
[ 24%] Built target abb_rapid_msgs__rosidl_typesupport_cpp
[ 35%] Built target abb_rapid_msgs__rosidl_typesupport_fastrtps_cpp
[ 47%] Built target abb_rapid_msgs__rosidl_typesupport_introspection_cpp
gmake: *** [Makefile:146: all] Error 2
