[0.032s] Invoking command in '/home/ubuntu/ros2ws/build/abb_rapid_msgs': CMAKE_PREFIX_PATH=${CMAKE_PREFIX_PATH}:/opt/ros/humble /usr/bin/cmake /home/ubuntu/ros2ws/src/ABBDriver/abb_ros2_msgs/abb_rapid_msgs -DAMENT_CMAKE_SYMLINK_INSTALL=1 -DCMAKE_INSTALL_PREFIX=/home/ubuntu/ros2ws/install/abb_rapid_msgs
[0.053s] -- Found rosidl_default_generators: 1.2.0 (/opt/ros/humble/share/rosidl_default_generators/cmake)
[0.053s] -- Found ament_cmake_core: 1.3.10 (/opt/ros/humble/share/ament_cmake_core/cmake)
[0.214s] -- Override CMake install command with custom implementation using symlinks instead of copying resources
[0.218s] -- Using all available rosidl_typesupport_c: rosidl_typesupport_fastrtps_c;rosidl_typesupport_introspection_c
[0.222s] -- Found rosidl_adapter: 3.1.5 (/opt/ros/humble/share/rosidl_adapter/cmake)
[0.277s] -- Using all available rosidl_typesupport_cpp: rosidl_typesupport_fastrtps_cpp;rosidl_typesupport_introspection_cpp
[0.744s] -- Found ament_cmake_ros: 0.10.0 (/opt/ros/humble/share/ament_cmake_ros/cmake)
[0.978s] -- Using all available rosidl_typesupport_c: rosidl_typesupport_fastrtps_c;rosidl_typesupport_introspection_c
[1.315s] -- Using all available rosidl_typesupport_cpp: rosidl_typesupport_fastrtps_cpp;rosidl_typesupport_introspection_cpp
[1.355s] -- Found python_cmake_module: 0.10.0 (/opt/ros/humble/share/python_cmake_module/cmake)
[1.385s] -- Using PYTHON_EXECUTABLE: /usr/bin/python3
[1.387s] -- Using PYTHON_INCLUDE_DIRS: /usr/include/python3.10
[1.388s] -- Using PYTHON_LIBRARIES: /usr/lib/x86_64-linux-gnu/libpython3.10.so
[1.413s] -- Configuring done
[1.500s] -- Generating done
[1.508s] -- Build files have been written to: /home/ubuntu/ros2ws/build/abb_rapid_msgs
[1.528s] Invoked command in '/home/ubuntu/ros2ws/build/abb_rapid_msgs' returned '0': CMAKE_PREFIX_PATH=${CMAKE_PREFIX_PATH}:/opt/ros/humble /usr/bin/cmake /home/ubuntu/ros2ws/src/ABBDriver/abb_ros2_msgs/abb_rapid_msgs -DAMENT_CMAKE_SYMLINK_INSTALL=1 -DCMAKE_INSTALL_PREFIX=/home/ubuntu/ros2ws/install/abb_rapid_msgs
[1.528s] Invoking command in '/home/ubuntu/ros2ws/build/abb_rapid_msgs': CMAKE_PREFIX_PATH=${CMAKE_PREFIX_PATH}:/opt/ros/humble /usr/bin/cmake --build /home/ubuntu/ros2ws/build/abb_rapid_msgs -- -j4 -l4
[1.594s] [35m[1mConsolidate compiler generated dependencies of target abb_rapid_msgs__rosidl_generator_c[0m
[1.608s] [  0%] Built target abb_rapid_msgs__cpp
[1.615s] [ 12%] Built target abb_rapid_msgs__rosidl_generator_c
[1.618s] failed to create symbolic link '/home/ubuntu/ros2ws/build/abb_rapid_msgs/ament_cmake_python/abb_rapid_msgs/abb_rapid_msgs' because existing path cannot be removed: Is a directory
[1.620s] gmake[2]: *** [CMakeFiles/ament_cmake_python_symlink_abb_rapid_msgs.dir/build.make:70: CMakeFiles/ament_cmake_python_symlink_abb_rapid_msgs] Error 1
[1.622s] gmake[1]: *** [CMakeFiles/Makefile2:421: CMakeFiles/ament_cmake_python_symlink_abb_rapid_msgs.dir/all] Error 2
[1.622s] gmake[1]: *** Waiting for unfinished jobs....
[1.626s] [35m[1mConsolidate compiler generated dependencies of target abb_rapid_msgs__rosidl_typesupport_cpp[0m
[1.631s] [35m[1mConsolidate compiler generated dependencies of target abb_rapid_msgs__rosidl_typesupport_fastrtps_cpp[0m
[1.649s] [35m[1mConsolidate compiler generated dependencies of target abb_rapid_msgs__rosidl_typesupport_introspection_cpp[0m
[1.674s] [ 24%] Built target abb_rapid_msgs__rosidl_typesupport_cpp
[1.674s] [ 35%] Built target abb_rapid_msgs__rosidl_typesupport_fastrtps_cpp
[1.682s] [ 47%] Built target abb_rapid_msgs__rosidl_typesupport_introspection_cpp
[1.685s] gmake: *** [Makefile:146: all] Error 2
[1.689s] Invoked command in '/home/ubuntu/ros2ws/build/abb_rapid_msgs' returned '2': CMAKE_PREFIX_PATH=${CMAKE_PREFIX_PATH}:/opt/ros/humble /usr/bin/cmake --build /home/ubuntu/ros2ws/build/abb_rapid_msgs -- -j4 -l4
