[35m[1mConsolidate compiler generated dependencies of target robpose[0m
[35m[1mConsolidate compiler generated dependencies of target robmove[0m
[35m[1mConsolidate compiler generated dependencies of target move[0m
[ 14%] Built target robpose
[ 28%] Built target robmove
[ 35%] [32mBuilding CXX object CMakeFiles/letter_writer_node.dir/src/letter_writer_node.cpp.o[0m
[ 92%] Built target move
In file included from [01m[K/home/ubuntu/ros2ws/src/ros2_SimRealRobotControl/ros2srrc_execution/src/letter_writer_node.cpp:5[m[K:
[01m[K/home/ubuntu/ros2ws/src/ros2_SimRealRobotControl/ros2srrc_execution/include/ros2srrc_execution/movej.h:47:10:[m[K [01;31m[Kfatal error: [m[Kros2srrc_data/action/move.hpp: No such file or directory
   47 | #include [01;31m[K"ros2srrc_data/action/move.hpp"[m[K
      |          [01;31m[K^~~~~~~~~~~~~~~~~~~~~~~~~~~~~~~[m[K
compilation terminated.
gmake[2]: *** [CMakeFiles/letter_writer_node.dir/build.make:76: CMakeFiles/letter_writer_node.dir/src/letter_writer_node.cpp.o] Error 1
gmake[1]: *** [CMakeFiles/Makefile2:221: CMakeFiles/letter_writer_node.dir/all] Error 2
gmake: *** [Makefile:146: all] Error 2
