[0.033s] Invoking command in '/home/ubuntu/ros2ws/build/ros2srrc_execution': CMAKE_PREFIX_PATH=/home/ubuntu/ros2ws/install/ros2srrc_data:/home/ubuntu/ros2ws/install/ros2_robotiqgripper:/home/ubuntu/ros2ws/install/linkattacher_msgs:/home/ubuntu/ros2ws/install/abb_robot_msgs:/home/ubuntu/ros2ws2/install/ur5_ros2_moveit2:/home/ubuntu/ros2ws2/install/ur5_ros2_gazebo:/home/ubuntu/ros2ws2/install/ur3_ros2_moveit2:/home/ubuntu/ros2ws2/install/ur3_ros2_gazebo:/home/ubuntu/ros2ws2/install/ur10_ros2_moveit2:/home/ubuntu/ros2ws2/install/ur10_ros2_gazebo:/home/ubuntu/ros2ws2/install/ros2_grasping:/home/ubuntu/ros2ws2/install/ros2_execution:/home/ubuntu/ros2ws2/install/ros2_actions:/home/ubuntu/ros2ws2/install/panda_ros2_moveit2:/home/ubuntu/ros2ws2/install/irb6640_ros2_moveit2:/home/ubuntu/ros2ws2/install/irb120_ros2_moveit2:/home/ubuntu/ros2ws2/install/irb1200_ros2_moveit2:/home/ubuntu/ros2ws2/install/iiwa_ros2_moveit2:/home/ubuntu/ros2ws2/install/cr35ia_ros2_moveit2:/home/ubuntu/ros2ws2/install/ros2_data:/home/ubuntu/ros2ws2/install/panda_ros2_gazebo:/home/ubuntu/ros2ws2/install/irb6640_ros2_gazebo:/home/ubuntu/ros2ws2/install/irb120_ros2_gazebo:/home/ubuntu/ros2ws2/install/irb1200_ros2_gazebo:/home/ubuntu/ros2ws2/install/iiwa_ros2_gazebo:/home/ubuntu/ros2ws2/install/gazebo_ros2_control_demos:/home/ubuntu/ros2ws2/install/gazebo_ros2_control:/home/ubuntu/ros2ws2/install/cr35ia_ros2_gazebo:/home/ubuntu/ros2ws/install/ros2srrc_ur5_moveit2:/home/ubuntu/ros2ws/install/ros2srrc_ur5_gazebo:/home/ubuntu/ros2ws/install/ros2srrc_ur3_moveit2:/home/ubuntu/ros2ws/install/ros2srrc_ur3_gazebo:/home/ubuntu/ros2ws/install/ros2srrc_ur16e_moveit2:/home/ubuntu/ros2ws/install/ros2srrc_ur16e_gazebo:/home/ubuntu/ros2ws/install/ros2srrc_ur10e_moveit2:/home/ubuntu/ros2ws/install/ros2srrc_ur10e_gazebo:/home/ubuntu/ros2ws/install/ros2srrc_robots:/home/ubuntu/ros2ws/install/ros2srrc_launch:/home/ubuntu/ros2ws/install/ros2srrc_irb6640_moveit2:/home/ubuntu/ros2ws/install/ros2srrc_irb6640_gazebo:/home/ubuntu/ros2ws/install/ros2srrc_irb120_moveit2:/home/ubuntu/ros2ws/install/ros2srrc_irb120_gazebo:/home/ubuntu/ros2ws/install/ros2srrc_irb1200_moveit2:/home/ubuntu/ros2ws/install/ros2srrc_irb1200_gazebo:/home/ubuntu/ros2ws/install/ros2srrc_iiwa_moveit2:/home/ubuntu/ros2ws/install/ros2srrc_iiwa_gazebo:/home/ubuntu/ros2ws/install/ros2srrc_endeffectors:/home/ubuntu/ros2ws/install/ros2_objectpose:/home/ubuntu/ros2ws/install/ros2_linkpose:/home/ubuntu/ros2ws/install/ros2_linkattacher:/home/ubuntu/ros2ws/install/objectpose_msgs:/home/ubuntu/ros2ws/install/objectpose_gazebo:/home/ubuntu/ros2ws/install/linkpose_msgs:/home/ubuntu/ros2ws/install/linkpose_gazebo:/home/ubuntu/ros2ws/install/letter_writer:/home/ubuntu/ros2ws/install/gazebo_ros2_control_demos:/home/ubuntu/ros2ws/install/gazebo_ros2_control:/home/ubuntu/ros2ws/install/abb_rws_client:/home/ubuntu/ros2ws/install/abb_ros2:/home/ubuntu/ros2ws/install/abb_resources:/home/ubuntu/ros2ws/install/abb_rapid_sm_addin_msgs:/home/ubuntu/ros2ws/install/abb_rapid_msgs:/home/ubuntu/ros2ws/install/abb_hardware_interface:/home/ubuntu/ros2ws/install/abb_egm_rws_managers:/home/ubuntu/ros2ws/install/abb_librws:/home/ubuntu/ros2ws/install/abb_libegm:/home/ubuntu/ros2ws/install/abb_irb4600_support:/home/ubuntu/ros2ws/install/abb_irb1200_5_90_moveit_config:/home/ubuntu/ros2ws/install/abb_irb1200_support:/home/ubuntu/ros2ws/install/abb_egm_msgs:/home/ubuntu/ros2ws/install/abb_bringup:/opt/ros/humble LD_LIBRARY_PATH=/home/ubuntu/ros2ws/install/ros2srrc_data/lib:/home/ubuntu/ros2ws/install/ros2_robotiqgripper/lib:/home/ubuntu/ros2ws/install/linkattacher_msgs/lib:/home/ubuntu/ros2ws/install/abb_robot_msgs/lib:/home/ubuntu/ros2ws2/install/ros2_grasping/lib:/home/ubuntu/ros2ws2/install/ros2_data/lib:/home/ubuntu/ros2ws2/install/gazebo_ros2_control/lib:/home/ubuntu/ros2ws/install/ros2_objectpose/lib:/home/ubuntu/ros2ws/install/ros2_linkpose/lib:/home/ubuntu/ros2ws/install/ros2_linkattacher/lib:/home/ubuntu/ros2ws/install/objectpose_msgs/lib:/home/ubuntu/ros2ws/install/linkpose_msgs/lib:/home/ubuntu/ros2ws/install/gazebo_ros2_control/lib:/home/ubuntu/ros2ws/install/abb_rapid_sm_addin_msgs/lib:/home/ubuntu/ros2ws/install/abb_rapid_msgs/lib:/home/ubuntu/ros2ws/install/abb_hardware_interface/lib:/home/ubuntu/ros2ws/install/abb_egm_rws_managers/lib:/home/ubuntu/ros2ws/install/abb_librws/lib:/home/ubuntu/ros2ws/install/abb_libegm/lib:/home/ubuntu/ros2ws/install/abb_egm_msgs/lib:/usr/lib/x86_64-linux-gnu/gazebo-11/plugins:/opt/ros/humble/opt/rviz_ogre_vendor/lib:/opt/ros/humble/lib/x86_64-linux-gnu:/opt/ros/humble/lib /usr/bin/cmake /home/ubuntu/ros2ws/src/ros2_SimRealRobotControl/ros2srrc_execution -DCMAKE_INSTALL_PREFIX=/home/ubuntu/ros2ws/install/ros2srrc_execution
[0.170s] -- The C compiler identification is GNU 11.4.0
[0.244s] -- The CXX compiler identification is GNU 11.4.0
[0.259s] -- Detecting C compiler ABI info
[0.351s] -- Detecting C compiler ABI info - done
[0.358s] -- Check for working C compiler: /usr/bin/cc - skipped
[0.359s] -- Detecting C compile features
[0.360s] -- Detecting C compile features - done
[0.364s] -- Detecting CXX compiler ABI info
[0.474s] -- Detecting CXX compiler ABI info - done
[0.477s] -- Check for working CXX compiler: /usr/bin/c++ - skipped
[0.477s] -- Detecting CXX compile features
[0.478s] -- Detecting CXX compile features - done
[0.492s] -- Found ament_cmake: 1.3.10 (/opt/ros/humble/share/ament_cmake/cmake)
[0.697s] -- Found Python3: /usr/bin/python3 (found version "3.10.12") found components: Interpreter 
[0.926s] -- Found rclcpp: 16.0.10 (/opt/ros/humble/share/rclcpp/cmake)
[1.069s] -- Found rosidl_generator_c: 3.1.5 (/opt/ros/humble/share/rosidl_generator_c/cmake)
[1.092s] -- Found rosidl_adapter: 3.1.5 (/opt/ros/humble/share/rosidl_adapter/cmake)
[1.119s] -- Found rosidl_generator_cpp: 3.1.5 (/opt/ros/humble/share/rosidl_generator_cpp/cmake)
[1.153s] -- Using all available rosidl_typesupport_c: rosidl_typesupport_fastrtps_c;rosidl_typesupport_introspection_c
[1.202s] -- Using all available rosidl_typesupport_cpp: rosidl_typesupport_fastrtps_cpp;rosidl_typesupport_introspection_cpp
[1.348s] -- Found rmw_implementation_cmake: 6.1.2 (/opt/ros/humble/share/rmw_implementation_cmake/cmake)
[1.362s] -- Found rmw_cyclonedds_cpp: 1.3.4 (/opt/ros/humble/share/rmw_cyclonedds_cpp/cmake)
[1.445s] -- Using RMW implementation 'rmw_cyclonedds_cpp' as default
[1.479s] -- Looking for pthread.h
[1.577s] -- Looking for pthread.h - found
[1.577s] -- Performing Test CMAKE_HAVE_LIBC_PTHREAD
[1.673s] -- Performing Test CMAKE_HAVE_LIBC_PTHREAD - Success
[1.674s] -- Found Threads: TRUE  
[1.795s] -- Found rclcpp_action: 16.0.10 (/opt/ros/humble/share/rclcpp_action/cmake)
[1.885s] -- Found moveit_ros_planning_interface: 2.5.5 (/opt/ros/humble/share/moveit_ros_planning_interface/cmake)
[1.978s] -- Found Boost: /usr/lib/x86_64-linux-gnu/cmake/Boost-1.74.0/BoostConfig.cmake (found version "1.74.0") found components: date_time filesystem program_options system thread 
[2.277s] -- Found Boost: /usr/lib/x86_64-linux-gnu/cmake/Boost-1.74.0/BoostConfig.cmake (found version "1.74.0") found components: chrono date_time filesystem iostreams program_options regex serialization system thread 
[2.322s] -- Found parameter_traits: 0.3.8 (/opt/ros/humble/share/parameter_traits/cmake)
[2.386s] -- Found rclcpp_lifecycle: 16.0.10 (/opt/ros/humble/share/rclcpp_lifecycle/cmake)
[2.444s] -- Found Boost: /usr/lib/x86_64-linux-gnu/cmake/Boost-1.74.0/BoostConfig.cmake (found version "1.74.0") found components: filesystem 
[2.650s] -- library: /usr/lib/x86_64-linux-gnu/libcurl.so
[2.730s] -- Found Eigen3: TRUE (found version "3.4.0") 
[2.730s] -- Ensuring Eigen3 include directory is part of orocos-kdl CMake target
[3.080s] -- Found Boost: /usr/lib/x86_64-linux-gnu/cmake/Boost-1.74.0/BoostConfig.cmake (found version "1.74.0") found components: system filesystem date_time program_options thread chrono 
[3.145s] -- Found Boost: /usr/lib/x86_64-linux-gnu/cmake/Boost-1.74.0/BoostConfig.cmake (found version "1.74.0") found components: thread system filesystem regex date_time program_options 
[3.284s] -- Found Boost: /usr/lib/x86_64-linux-gnu/cmake/Boost-1.74.0/BoostConfig.cmake (found version "1.74.0") found components: system filesystem date_time program_options thread 
[3.328s] -- Found ros2srrc_data: 0.0.0 (/home/ubuntu/ros2ws/install/ros2srrc_data/share/ros2srrc_data/cmake)
[3.367s] -- Found abb_robot_msgs: 1.0.0 (/home/ubuntu/ros2ws/install/abb_robot_msgs/share/abb_robot_msgs/cmake)
[3.389s] -- Found ros2_robotiqgripper: 1.0.0 (/home/ubuntu/ros2ws/install/ros2_robotiqgripper/share/ros2_robotiqgripper/cmake)
[3.405s] -- Found linkattacher_msgs: 0.0.0 (/home/ubuntu/ros2ws/install/linkattacher_msgs/share/linkattacher_msgs/cmake)
[3.434s] -- Found ament_lint_auto: 0.12.11 (/opt/ros/humble/share/ament_lint_auto/cmake)
[3.642s] -- Added test 'cppcheck' to perform static code analysis on C / C++ code
[3.644s] -- Configured cppcheck include dirs: /home/ubuntu/ros2ws/src/ros2_SimRealRobotControl/ros2srrc_execution/include
[3.644s] -- Configured cppcheck exclude dirs and/or files: 
[3.647s] -- Added test 'flake8' to check Python code syntax and style conventions
[3.650s] -- Added test 'lint_cmake' to check CMake code style
[3.652s] -- Added test 'pep257' to check Python code against some of the docstring style conventions in PEP 257
[3.656s] -- Added test 'uncrustify' to check C / C++ code style
[3.656s] -- Configured uncrustify additional arguments: 
[3.658s] -- Added test 'xmllint' to check XML markup files
[3.663s] -- Configuring done
[3.766s] -- Generating done
[3.769s] -- Build files have been written to: /home/ubuntu/ros2ws/build/ros2srrc_execution
[3.785s] Invoked command in '/home/ubuntu/ros2ws/build/ros2srrc_execution' returned '0': CMAKE_PREFIX_PATH=/home/ubuntu/ros2ws/install/ros2srrc_data:/home/ubuntu/ros2ws/install/ros2_robotiqgripper:/home/ubuntu/ros2ws/install/linkattacher_msgs:/home/ubuntu/ros2ws/install/abb_robot_msgs:/home/ubuntu/ros2ws2/install/ur5_ros2_moveit2:/home/ubuntu/ros2ws2/install/ur5_ros2_gazebo:/home/ubuntu/ros2ws2/install/ur3_ros2_moveit2:/home/ubuntu/ros2ws2/install/ur3_ros2_gazebo:/home/ubuntu/ros2ws2/install/ur10_ros2_moveit2:/home/ubuntu/ros2ws2/install/ur10_ros2_gazebo:/home/ubuntu/ros2ws2/install/ros2_grasping:/home/ubuntu/ros2ws2/install/ros2_execution:/home/ubuntu/ros2ws2/install/ros2_actions:/home/ubuntu/ros2ws2/install/panda_ros2_moveit2:/home/ubuntu/ros2ws2/install/irb6640_ros2_moveit2:/home/ubuntu/ros2ws2/install/irb120_ros2_moveit2:/home/ubuntu/ros2ws2/install/irb1200_ros2_moveit2:/home/ubuntu/ros2ws2/install/iiwa_ros2_moveit2:/home/ubuntu/ros2ws2/install/cr35ia_ros2_moveit2:/home/ubuntu/ros2ws2/install/ros2_data:/home/ubuntu/ros2ws2/install/panda_ros2_gazebo:/home/ubuntu/ros2ws2/install/irb6640_ros2_gazebo:/home/ubuntu/ros2ws2/install/irb120_ros2_gazebo:/home/ubuntu/ros2ws2/install/irb1200_ros2_gazebo:/home/ubuntu/ros2ws2/install/iiwa_ros2_gazebo:/home/ubuntu/ros2ws2/install/gazebo_ros2_control_demos:/home/ubuntu/ros2ws2/install/gazebo_ros2_control:/home/ubuntu/ros2ws2/install/cr35ia_ros2_gazebo:/home/ubuntu/ros2ws/install/ros2srrc_ur5_moveit2:/home/ubuntu/ros2ws/install/ros2srrc_ur5_gazebo:/home/ubuntu/ros2ws/install/ros2srrc_ur3_moveit2:/home/ubuntu/ros2ws/install/ros2srrc_ur3_gazebo:/home/ubuntu/ros2ws/install/ros2srrc_ur16e_moveit2:/home/ubuntu/ros2ws/install/ros2srrc_ur16e_gazebo:/home/ubuntu/ros2ws/install/ros2srrc_ur10e_moveit2:/home/ubuntu/ros2ws/install/ros2srrc_ur10e_gazebo:/home/ubuntu/ros2ws/install/ros2srrc_robots:/home/ubuntu/ros2ws/install/ros2srrc_launch:/home/ubuntu/ros2ws/install/ros2srrc_irb6640_moveit2:/home/ubuntu/ros2ws/install/ros2srrc_irb6640_gazebo:/home/ubuntu/ros2ws/install/ros2srrc_irb120_moveit2:/home/ubuntu/ros2ws/install/ros2srrc_irb120_gazebo:/home/ubuntu/ros2ws/install/ros2srrc_irb1200_moveit2:/home/ubuntu/ros2ws/install/ros2srrc_irb1200_gazebo:/home/ubuntu/ros2ws/install/ros2srrc_iiwa_moveit2:/home/ubuntu/ros2ws/install/ros2srrc_iiwa_gazebo:/home/ubuntu/ros2ws/install/ros2srrc_endeffectors:/home/ubuntu/ros2ws/install/ros2_objectpose:/home/ubuntu/ros2ws/install/ros2_linkpose:/home/ubuntu/ros2ws/install/ros2_linkattacher:/home/ubuntu/ros2ws/install/objectpose_msgs:/home/ubuntu/ros2ws/install/objectpose_gazebo:/home/ubuntu/ros2ws/install/linkpose_msgs:/home/ubuntu/ros2ws/install/linkpose_gazebo:/home/ubuntu/ros2ws/install/letter_writer:/home/ubuntu/ros2ws/install/gazebo_ros2_control_demos:/home/ubuntu/ros2ws/install/gazebo_ros2_control:/home/ubuntu/ros2ws/install/abb_rws_client:/home/ubuntu/ros2ws/install/abb_ros2:/home/ubuntu/ros2ws/install/abb_resources:/home/ubuntu/ros2ws/install/abb_rapid_sm_addin_msgs:/home/ubuntu/ros2ws/install/abb_rapid_msgs:/home/ubuntu/ros2ws/install/abb_hardware_interface:/home/ubuntu/ros2ws/install/abb_egm_rws_managers:/home/ubuntu/ros2ws/install/abb_librws:/home/ubuntu/ros2ws/install/abb_libegm:/home/ubuntu/ros2ws/install/abb_irb4600_support:/home/ubuntu/ros2ws/install/abb_irb1200_5_90_moveit_config:/home/ubuntu/ros2ws/install/abb_irb1200_support:/home/ubuntu/ros2ws/install/abb_egm_msgs:/home/ubuntu/ros2ws/install/abb_bringup:/opt/ros/humble LD_LIBRARY_PATH=/home/ubuntu/ros2ws/install/ros2srrc_data/lib:/home/ubuntu/ros2ws/install/ros2_robotiqgripper/lib:/home/ubuntu/ros2ws/install/linkattacher_msgs/lib:/home/ubuntu/ros2ws/install/abb_robot_msgs/lib:/home/ubuntu/ros2ws2/install/ros2_grasping/lib:/home/ubuntu/ros2ws2/install/ros2_data/lib:/home/ubuntu/ros2ws2/install/gazebo_ros2_control/lib:/home/ubuntu/ros2ws/install/ros2_objectpose/lib:/home/ubuntu/ros2ws/install/ros2_linkpose/lib:/home/ubuntu/ros2ws/install/ros2_linkattacher/lib:/home/ubuntu/ros2ws/install/objectpose_msgs/lib:/home/ubuntu/ros2ws/install/linkpose_msgs/lib:/home/ubuntu/ros2ws/install/gazebo_ros2_control/lib:/home/ubuntu/ros2ws/install/abb_rapid_sm_addin_msgs/lib:/home/ubuntu/ros2ws/install/abb_rapid_msgs/lib:/home/ubuntu/ros2ws/install/abb_hardware_interface/lib:/home/ubuntu/ros2ws/install/abb_egm_rws_managers/lib:/home/ubuntu/ros2ws/install/abb_librws/lib:/home/ubuntu/ros2ws/install/abb_libegm/lib:/home/ubuntu/ros2ws/install/abb_egm_msgs/lib:/usr/lib/x86_64-linux-gnu/gazebo-11/plugins:/opt/ros/humble/opt/rviz_ogre_vendor/lib:/opt/ros/humble/lib/x86_64-linux-gnu:/opt/ros/humble/lib /usr/bin/cmake /home/ubuntu/ros2ws/src/ros2_SimRealRobotControl/ros2srrc_execution -DCMAKE_INSTALL_PREFIX=/home/ubuntu/ros2ws/install/ros2srrc_execution
[3.787s] Invoking command in '/home/ubuntu/ros2ws/build/ros2srrc_execution': CMAKE_PREFIX_PATH=/home/ubuntu/ros2ws/install/ros2srrc_data:/home/ubuntu/ros2ws/install/ros2_robotiqgripper:/home/ubuntu/ros2ws/install/linkattacher_msgs:/home/ubuntu/ros2ws/install/abb_robot_msgs:/home/ubuntu/ros2ws2/install/ur5_ros2_moveit2:/home/ubuntu/ros2ws2/install/ur5_ros2_gazebo:/home/ubuntu/ros2ws2/install/ur3_ros2_moveit2:/home/ubuntu/ros2ws2/install/ur3_ros2_gazebo:/home/ubuntu/ros2ws2/install/ur10_ros2_moveit2:/home/ubuntu/ros2ws2/install/ur10_ros2_gazebo:/home/ubuntu/ros2ws2/install/ros2_grasping:/home/ubuntu/ros2ws2/install/ros2_execution:/home/ubuntu/ros2ws2/install/ros2_actions:/home/ubuntu/ros2ws2/install/panda_ros2_moveit2:/home/ubuntu/ros2ws2/install/irb6640_ros2_moveit2:/home/ubuntu/ros2ws2/install/irb120_ros2_moveit2:/home/ubuntu/ros2ws2/install/irb1200_ros2_moveit2:/home/ubuntu/ros2ws2/install/iiwa_ros2_moveit2:/home/ubuntu/ros2ws2/install/cr35ia_ros2_moveit2:/home/ubuntu/ros2ws2/install/ros2_data:/home/ubuntu/ros2ws2/install/panda_ros2_gazebo:/home/ubuntu/ros2ws2/install/irb6640_ros2_gazebo:/home/ubuntu/ros2ws2/install/irb120_ros2_gazebo:/home/ubuntu/ros2ws2/install/irb1200_ros2_gazebo:/home/ubuntu/ros2ws2/install/iiwa_ros2_gazebo:/home/ubuntu/ros2ws2/install/gazebo_ros2_control_demos:/home/ubuntu/ros2ws2/install/gazebo_ros2_control:/home/ubuntu/ros2ws2/install/cr35ia_ros2_gazebo:/home/ubuntu/ros2ws/install/ros2srrc_ur5_moveit2:/home/ubuntu/ros2ws/install/ros2srrc_ur5_gazebo:/home/ubuntu/ros2ws/install/ros2srrc_ur3_moveit2:/home/ubuntu/ros2ws/install/ros2srrc_ur3_gazebo:/home/ubuntu/ros2ws/install/ros2srrc_ur16e_moveit2:/home/ubuntu/ros2ws/install/ros2srrc_ur16e_gazebo:/home/ubuntu/ros2ws/install/ros2srrc_ur10e_moveit2:/home/ubuntu/ros2ws/install/ros2srrc_ur10e_gazebo:/home/ubuntu/ros2ws/install/ros2srrc_robots:/home/ubuntu/ros2ws/install/ros2srrc_launch:/home/ubuntu/ros2ws/install/ros2srrc_irb6640_moveit2:/home/ubuntu/ros2ws/install/ros2srrc_irb6640_gazebo:/home/ubuntu/ros2ws/install/ros2srrc_irb120_moveit2:/home/ubuntu/ros2ws/install/ros2srrc_irb120_gazebo:/home/ubuntu/ros2ws/install/ros2srrc_irb1200_moveit2:/home/ubuntu/ros2ws/install/ros2srrc_irb1200_gazebo:/home/ubuntu/ros2ws/install/ros2srrc_iiwa_moveit2:/home/ubuntu/ros2ws/install/ros2srrc_iiwa_gazebo:/home/ubuntu/ros2ws/install/ros2srrc_endeffectors:/home/ubuntu/ros2ws/install/ros2_objectpose:/home/ubuntu/ros2ws/install/ros2_linkpose:/home/ubuntu/ros2ws/install/ros2_linkattacher:/home/ubuntu/ros2ws/install/objectpose_msgs:/home/ubuntu/ros2ws/install/objectpose_gazebo:/home/ubuntu/ros2ws/install/linkpose_msgs:/home/ubuntu/ros2ws/install/linkpose_gazebo:/home/ubuntu/ros2ws/install/letter_writer:/home/ubuntu/ros2ws/install/gazebo_ros2_control_demos:/home/ubuntu/ros2ws/install/gazebo_ros2_control:/home/ubuntu/ros2ws/install/abb_rws_client:/home/ubuntu/ros2ws/install/abb_ros2:/home/ubuntu/ros2ws/install/abb_resources:/home/ubuntu/ros2ws/install/abb_rapid_sm_addin_msgs:/home/ubuntu/ros2ws/install/abb_rapid_msgs:/home/ubuntu/ros2ws/install/abb_hardware_interface:/home/ubuntu/ros2ws/install/abb_egm_rws_managers:/home/ubuntu/ros2ws/install/abb_librws:/home/ubuntu/ros2ws/install/abb_libegm:/home/ubuntu/ros2ws/install/abb_irb4600_support:/home/ubuntu/ros2ws/install/abb_irb1200_5_90_moveit_config:/home/ubuntu/ros2ws/install/abb_irb1200_support:/home/ubuntu/ros2ws/install/abb_egm_msgs:/home/ubuntu/ros2ws/install/abb_bringup:/opt/ros/humble LD_LIBRARY_PATH=/home/ubuntu/ros2ws/install/ros2srrc_data/lib:/home/ubuntu/ros2ws/install/ros2_robotiqgripper/lib:/home/ubuntu/ros2ws/install/linkattacher_msgs/lib:/home/ubuntu/ros2ws/install/abb_robot_msgs/lib:/home/ubuntu/ros2ws2/install/ros2_grasping/lib:/home/ubuntu/ros2ws2/install/ros2_data/lib:/home/ubuntu/ros2ws2/install/gazebo_ros2_control/lib:/home/ubuntu/ros2ws/install/ros2_objectpose/lib:/home/ubuntu/ros2ws/install/ros2_linkpose/lib:/home/ubuntu/ros2ws/install/ros2_linkattacher/lib:/home/ubuntu/ros2ws/install/objectpose_msgs/lib:/home/ubuntu/ros2ws/install/linkpose_msgs/lib:/home/ubuntu/ros2ws/install/gazebo_ros2_control/lib:/home/ubuntu/ros2ws/install/abb_rapid_sm_addin_msgs/lib:/home/ubuntu/ros2ws/install/abb_rapid_msgs/lib:/home/ubuntu/ros2ws/install/abb_hardware_interface/lib:/home/ubuntu/ros2ws/install/abb_egm_rws_managers/lib:/home/ubuntu/ros2ws/install/abb_librws/lib:/home/ubuntu/ros2ws/install/abb_libegm/lib:/home/ubuntu/ros2ws/install/abb_egm_msgs/lib:/usr/lib/x86_64-linux-gnu/gazebo-11/plugins:/opt/ros/humble/opt/rviz_ogre_vendor/lib:/opt/ros/humble/lib/x86_64-linux-gnu:/opt/ros/humble/lib /usr/bin/cmake --build /home/ubuntu/ros2ws/build/ros2srrc_execution -- -j4 -l4
[3.868s] [  7%] [32mBuilding CXX object CMakeFiles/move.dir/src/moveg.cpp.o[0m
[3.868s] [ 14%] [32mBuilding CXX object CMakeFiles/robmove.dir/src/robmove.cpp.o[0m
[3.868s] [ 21%] [32mBuilding CXX object CMakeFiles/robpose.dir/src/robpose.cpp.o[0m
[3.868s] [ 28%] [32mBuilding CXX object CMakeFiles/letter_writer_node.dir/src/letter_writer_node.cpp.o[0m
[13.311s] [01m[K/home/ubuntu/ros2ws/src/ros2_SimRealRobotControl/ros2srrc_execution/src/robmove.cpp:[m[K In function â€˜[01m[Kmoveit::planning_interface::MoveGroupInterface::Plan plan_ROB()[m[Kâ€™:
[13.311s] [01m[K/home/ubuntu/ros2ws/src/ros2_SimRealRobotControl/ros2srrc_execution/src/robmove.cpp:74:108:[m[K [01;35m[Kwarning: [m[Kâ€˜[01m[Kusing MoveItErrorCode = class moveit::core::MoveItErrorCode[m[Kâ€™ is deprecated: Use moveit::core::MoveItErrorCode [[01;35m[K]8;;https://gcc.gnu.org/onlinedocs/gcc/Warning-Options.html#index-Wdeprecated-declarations-Wdeprecated-declarations]8;;[m[K]
[13.311s]    74 |     bool success = (move_group_interface_ROB.plan(my_plan) == moveit::planning_interface::MoveItErrorCode::[01;35m[KSUCCESS[m[K);
[13.311s]       |                                                                                                            [01;35m[K^~~~~~~[m[K
[13.312s] In file included from [01m[K/home/ubuntu/ros2ws/src/ros2_SimRealRobotControl/ros2srrc_execution/src/robmove.cpp:41[m[K:
[13.312s] [01m[K/opt/ros/humble/include/moveit/move_group_interface/move_group_interface_improved.h:71:7:[m[K [01;36m[Knote: [m[Kdeclared here
[13.312s]    71 | using [01;36m[KMoveItErrorCode[m[K [[deprecated("Use moveit::core::MoveItErrorCode")]] = moveit::core::MoveItErrorCode;
[13.312s]       |       [01;36m[K^~~~~~~~~~~~~~~[m[K
[13.460s] [01m[K/home/ubuntu/ros2ws/src/ros2_SimRealRobotControl/ros2srrc_execution/src/robmove.cpp:[m[K In member function â€˜[01m[Krclcpp_action::GoalResponse ActionServer::handle_goal(const GoalUUID&, std::shared_ptr<const ros2srrc_data::action::Robmove_Goal_<std::allocator<void> > >)[m[Kâ€™:
[13.460s] [01m[K/home/ubuntu/ros2ws/src/ros2_SimRealRobotControl/ros2srrc_execution/src/robmove.cpp:115:77:[m[K [01;35m[Kwarning: [m[Kunused parameter â€˜[01m[Kuuid[m[Kâ€™ [[01;35m[K]8;;https://gcc.gnu.org/onlinedocs/gcc/Warning-Options.html#index-Wunused-parameter-Wunused-parameter]8;;[m[K]
[13.460s]   115 |     rclcpp_action::GoalResponse handle_goal([01;35m[Kconst rclcpp_action::GoalUUID & uuid[m[K, std::shared_ptr<const Robmove::Goal> goal)
[13.460s]       |                                             [01;35m[K~~~~~~~~~~~~~~~~~~~~~~~~~~~~~~~~^~~~[m[K
[13.475s] [01m[K/home/ubuntu/ros2ws/src/ros2_SimRealRobotControl/ros2srrc_execution/src/robmove.cpp:[m[K In member function â€˜[01m[Kvoid ActionServer::execute(std::shared_ptr<rclcpp_action::ServerGoalHandle<ros2srrc_data::action::Robmove> >)[m[Kâ€™:
[13.475s] [01m[K/home/ubuntu/ros2ws/src/ros2_SimRealRobotControl/ros2srrc_execution/src/robmove.cpp:178:17:[m[K [01;35m[Kwarning: [m[Kcomparison with string literal results in unspecified behavior [[01;35m[K]8;;https://gcc.gnu.org/onlinedocs/gcc/Warning-Options.html#index-Waddress-Waddress]8;;[m[K]
[13.475s]   178 |         if ([01;35m[KRES == "PLANNING: OK"[m[K){
[13.475s]       |             [01;35m[K~~~~^~~~~~~~~~~~~~~~~[m[K
[13.475s] [01m[K/home/ubuntu/ros2ws/src/ros2_SimRealRobotControl/ros2srrc_execution/src/robmove.cpp:180:122:[m[K [01;35m[Kwarning: [m[Kâ€˜[01m[Kusing MoveItErrorCode = class moveit::core::MoveItErrorCode[m[Kâ€™ is deprecated: Use moveit::core::MoveItErrorCode [[01;35m[K]8;;https://gcc.gnu.org/onlinedocs/gcc/Warning-Options.html#index-Wdeprecated-declarations-Wdeprecated-declarations]8;;[m[K]
[13.475s]   180 |             bool ExecSUCCESS = (move_group_interface_ROB.execute(MyPlan) == moveit::planning_interface::MoveItErrorCode::[01;35m[KSUCCESS[m[K);
[13.475s]       |                                                                                                                          [01;35m[K^~~~~~~[m[K
[13.475s] In file included from [01m[K/home/ubuntu/ros2ws/src/ros2_SimRealRobotControl/ros2srrc_execution/src/robmove.cpp:41[m[K:
[13.475s] [01m[K/opt/ros/humble/include/moveit/move_group_interface/move_group_interface_improved.h:71:7:[m[K [01;36m[Knote: [m[Kdeclared here
[13.475s]    71 | using [01;36m[KMoveItErrorCode[m[K [[deprecated("Use moveit::core::MoveItErrorCode")]] = moveit::core::MoveItErrorCode;
[13.475s]       |       [01;36m[K^~~~~~~~~~~~~~~[m[K
[13.497s] In file included from [01m[K/opt/ros/humble/include/rclcpp/rclcpp/logging.hpp:24[m[K,
[13.497s]                  from [01m[K/opt/ros/humble/include/rclcpp/rclcpp/client.hpp:40[m[K,
[13.497s]                  from [01m[K/opt/ros/humble/include/rclcpp/rclcpp/callback_group.hpp:24[m[K,
[13.497s]                  from [01m[K/opt/ros/humble/include/rclcpp/rclcpp/any_executable.hpp:20[m[K,
[13.497s]                  from [01m[K/opt/ros/humble/include/rclcpp/rclcpp/memory_strategy.hpp:25[m[K,
[13.497s]                  from [01m[K/opt/ros/humble/include/rclcpp/rclcpp/memory_strategies.hpp:18[m[K,
[13.497s]                  from [01m[K/opt/ros/humble/include/rclcpp/rclcpp/executor_options.hpp:20[m[K,
[13.497s]                  from [01m[K/opt/ros/humble/include/rclcpp/rclcpp/executor.hpp:37[m[K,
[13.497s]                  from [01m[K/opt/ros/humble/include/rclcpp/rclcpp/executors/multi_threaded_executor.hpp:25[m[K,
[13.497s]                  from [01m[K/opt/ros/humble/include/rclcpp/rclcpp/executors.hpp:21[m[K,
[13.497s]                  from [01m[K/opt/ros/humble/include/rclcpp/rclcpp/rclcpp.hpp:155[m[K,
[13.497s]                  from [01m[K/home/ubuntu/ros2ws/src/ros2_SimRealRobotControl/ros2srrc_execution/src/robmove.cpp:34[m[K:
[13.498s] [01m[K/home/ubuntu/ros2ws/src/ros2_SimRealRobotControl/ros2srrc_execution/src/robmove.cpp:[m[K In function â€˜[01m[Kint main(int, char**)[m[Kâ€™:
[13.498s] [01m[K/home/ubuntu/ros2ws/src/ros2_SimRealRobotControl/ros2srrc_execution/src/robmove.cpp:246:25:[m[K [01;35m[Kwarning: [m[Kformat â€˜[01m[K%s[m[Kâ€™ expects argument of type â€˜[01m[Kchar*[m[Kâ€™, but argument 5 has type â€˜[01m[Kstd::__cxx11::basic_string<char>[m[Kâ€™ [[01;35m[K]8;;https://gcc.gnu.org/onlinedocs/gcc/Warning-Options.html#index-Wformat=-Wformat=]8;;[m[K]
[13.498s]   246 |     RCLCPP_INFO(logger, [01;35m[K"MoveGroupInterface object created for ROBOT: %s"[m[K, ROBname);
[13.498s]       |                         [01;35m[K^~~~~~~~~~~~~~~~~~~~~~~~~~~~~~~~~~~~~~~~~~~~~~~~~[m[K
[13.498s] [01m[K/home/ubuntu/ros2ws/src/ros2_SimRealRobotControl/ros2srrc_execution/src/robmove.cpp:246:72:[m[K [01;36m[Knote: [m[Kformat string is defined here
[13.498s]   246 |     RCLCPP_INFO(logger, "MoveGroupInterface object created for ROBOT: [01;36m[K%s[m[K", ROBname);
[13.498s]       |                                                                       [01;36m[K~^[m[K
[13.498s]       |                                                                        [01;36m[K|[m[K
[13.498s]       |                                                                        [01;36m[Kchar*[m[K
[13.763s] [01m[K/home/ubuntu/ros2ws/src/ros2_SimRealRobotControl/ros2srrc_execution/src/moveg.cpp:[m[K In function â€˜[01m[KMoveGSTRUCT MoveGAction(double, std::vector<double, std::allocator<double> >, ros2srrc_data::msg::Specs)[m[Kâ€™:
[13.763s] [01m[K/home/ubuntu/ros2ws/src/ros2_SimRealRobotControl/ros2srrc_execution/src/moveg.cpp:75:20:[m[K [01;35m[Kwarning: [m[Kcomparison of integer expressions of different signedness: â€˜[01m[Kint[m[Kâ€™ and â€˜[01m[Kstd::vector<double, std::allocator<double> >::size_type[m[Kâ€™ {aka â€˜[01m[Klong unsigned int[m[Kâ€™} [[01;35m[K]8;;https://gcc.gnu.org/onlinedocs/gcc/Warning-Options.html#index-Wsign-compare-Wsign-compare]8;;[m[K]
[13.763s]    75 |     for (int i=0; [01;35m[Ki<JP.size()[m[K; i++){
[13.763s]       |                   [01;35m[K~^~~~~~~~~~[m[K
[14.315s] [01m[K/home/ubuntu/ros2ws/src/ros2_SimRealRobotControl/ros2srrc_execution/src/letter_writer_node.cpp:[m[K In function â€˜[01m[Kint main(int, char**)[m[Kâ€™:
[14.315s] [01m[K/home/ubuntu/ros2ws/src/ros2_SimRealRobotControl/ros2srrc_execution/src/letter_writer_node.cpp:136:97:[m[K [01;31m[Kerror: [m[Kno matching function for call to â€˜[01m[Kmoveit::planning_interface::MoveGroupInterface::MoveGroupInterface(const string&)[m[Kâ€™
[14.315s]   136 |     move_group_interface_ROB = moveit::planning_interface::MoveGroupInterface(PLANNING_GROUP_ROB[01;31m[K)[m[K;
[14.315s]       |                                                                                                 [01;31m[K^[m[K
[14.317s] In file included from [01m[K/home/ubuntu/ros2ws/src/ros2_SimRealRobotControl/ros2srrc_execution/include/ros2srrc_execution/movej.h:43[m[K,
[14.317s]                  from [01m[K/home/ubuntu/ros2ws/src/ros2_SimRealRobotControl/ros2srrc_execution/src/letter_writer_node.cpp:12[m[K:
[14.317s] [01m[K/opt/ros/humble/include/moveit/move_group_interface/move_group_interface_improved.h:160:3:[m[K [01;36m[Knote: [m[Kcandidate: â€˜[01m[Kmoveit::planning_interface::MoveGroupInterface::MoveGroupInterface(moveit::planning_interface::MoveGroupInterface&&)[m[Kâ€™
[14.317s]   160 |   [01;36m[KMoveGroupInterface[m[K(MoveGroupInterface&& other) noexcept;
[14.317s]       |   [01;36m[K^~~~~~~~~~~~~~~~~~[m[K
[14.317s] [01m[K/opt/ros/humble/include/moveit/move_group_interface/move_group_interface_improved.h:160:43:[m[K [01;36m[Knote: [m[K  no known conversion for argument 1 from â€˜[01m[Kconst string[m[Kâ€™ {aka â€˜[01m[Kconst std::__cxx11::basic_string<char>[m[Kâ€™} to â€˜[01m[Kmoveit::planning_interface::MoveGroupInterface&&[m[Kâ€™
[14.317s]   160 |   MoveGroupInterface([01;36m[KMoveGroupInterface&& other[m[K) noexcept;
[14.317s]       |                      [01;36m[K~~~~~~~~~~~~~~~~~~~~~^~~~~[m[K
[14.317s] [01m[K/opt/ros/humble/include/moveit/move_group_interface/move_group_interface_improved.h:149:10:[m[K [01;36m[Knote: [m[Kcandidate: â€˜[01m[Kmoveit::planning_interface::MoveGroupInterface::MoveGroupInterface()[m[Kâ€™
[14.317s]   149 |   inline [01;36m[KMoveGroupInterface[m[K(){}
[14.317s]       |          [01;36m[K^~~~~~~~~~~~~~~~~~[m[K
[14.317s] [01m[K/opt/ros/humble/include/moveit/move_group_interface/move_group_interface_improved.h:149:10:[m[K [01;36m[Knote: [m[K  candidate expects 0 arguments, 1 provided
[14.317s] [01m[K/opt/ros/humble/include/moveit/move_group_interface/move_group_interface_improved.h:145:3:[m[K [01;36m[Knote: [m[Kcandidate: â€˜[01m[Kmoveit::planning_interface::MoveGroupInterface::MoveGroupInterface(const SharedPtr&, const string&, const std::shared_ptr<tf2_ros::Buffer>&, const rclcpp::Duration&)[m[Kâ€™
[14.317s]   145 |   [01;36m[KMoveGroupInterface[m[K(const rclcpp::Node::SharedPtr& node, const std::string& group,
[14.318s]       |   [01;36m[K^~~~~~~~~~~~~~~~~~[m[K
[14.318s] [01m[K/opt/ros/humble/include/moveit/move_group_interface/move_group_interface_improved.h:145:3:[m[K [01;36m[Knote: [m[K  candidate expects 4 arguments, 1 provided
[14.318s] [01m[K/opt/ros/humble/include/moveit/move_group_interface/move_group_interface_improved.h:134:3:[m[K [01;36m[Knote: [m[Kcandidate: â€˜[01m[Kmoveit::planning_interface::MoveGroupInterface::MoveGroupInterface(const SharedPtr&, const moveit::planning_interface::MoveGroupInterface::Options&, const std::shared_ptr<tf2_ros::Buffer>&, const rclcpp::Duration&)[m[Kâ€™
[14.318s]   134 |   [01;36m[KMoveGroupInterface[m[K(const rclcpp::Node::SharedPtr& node, const Options& opt,
[14.318s]       |   [01;36m[K^~~~~~~~~~~~~~~~~~[m[K
[14.318s] [01m[K/opt/ros/humble/include/moveit/move_group_interface/move_group_interface_improved.h:134:3:[m[K [01;36m[Knote: [m[K  candidate expects 4 arguments, 1 provided
[14.318s] [01m[K/home/ubuntu/ros2ws/src/ros2_SimRealRobotControl/ros2srrc_execution/src/letter_writer_node.cpp:137:95:[m[K [01;31m[Kerror: [m[Kno matching function for call to â€˜[01m[Kmoveit::planning_interface::MoveGroupInterface::MoveGroupInterface(const string&)[m[Kâ€™
[14.318s]   137 |     move_group_interface_EE = moveit::planning_interface::MoveGroupInterface(PLANNING_GROUP_EE[01;31m[K)[m[K;
[14.318s]       |                                                                                               [01;31m[K^[m[K
[14.318s] In file included from [01m[K/home/ubuntu/ros2ws/src/ros2_SimRealRobotControl/ros2srrc_execution/include/ros2srrc_execution/movej.h:43[m[K,
[14.318s]                  from [01m[K/home/ubuntu/ros2ws/src/ros2_SimRealRobotControl/ros2srrc_execution/src/letter_writer_node.cpp:12[m[K:
[14.318s] [01m[K/opt/ros/humble/include/moveit/move_group_interface/move_group_interface_improved.h:160:3:[m[K [01;36m[Knote: [m[Kcandidate: â€˜[01m[Kmoveit::planning_interface::MoveGroupInterface::MoveGroupInterface(moveit::planning_interface::MoveGroupInterface&&)[m[Kâ€™
[14.318s]   160 |   [01;36m[KMoveGroupInterface[m[K(MoveGroupInterface&& other) noexcept;
[14.318s]       |   [01;36m[K^~~~~~~~~~~~~~~~~~[m[K
[14.319s] [01m[K/opt/ros/humble/include/moveit/move_group_interface/move_group_interface_improved.h:160:43:[m[K [01;36m[Knote: [m[K  no known conversion for argument 1 from â€˜[01m[Kconst string[m[Kâ€™ {aka â€˜[01m[Kconst std::__cxx11::basic_string<char>[m[Kâ€™} to â€˜[01m[Kmoveit::planning_interface::MoveGroupInterface&&[m[Kâ€™
[14.319s]   160 |   MoveGroupInterface([01;36m[KMoveGroupInterface&& other[m[K) noexcept;
[14.319s]       |                      [01;36m[K~~~~~~~~~~~~~~~~~~~~~^~~~~[m[K
[14.319s] [01m[K/opt/ros/humble/include/moveit/move_group_interface/move_group_interface_improved.h:149:10:[m[K [01;36m[Knote: [m[Kcandidate: â€˜[01m[Kmoveit::planning_interface::MoveGroupInterface::MoveGroupInterface()[m[Kâ€™
[14.319s]   149 |   inline [01;36m[KMoveGroupInterface[m[K(){}
[14.319s]       |          [01;36m[K^~~~~~~~~~~~~~~~~~[m[K
[14.319s] [01m[K/opt/ros/humble/include/moveit/move_group_interface/move_group_interface_improved.h:149:10:[m[K [01;36m[Knote: [m[K  candidate expects 0 arguments, 1 provided
[14.319s] [01m[K/opt/ros/humble/include/moveit/move_group_interface/move_group_interface_improved.h:145:3:[m[K [01;36m[Knote: [m[Kcandidate: â€˜[01m[Kmoveit::planning_interface::MoveGroupInterface::MoveGroupInterface(const SharedPtr&, const string&, const std::shared_ptr<tf2_ros::Buffer>&, const rclcpp::Duration&)[m[Kâ€™
[14.319s]   145 |   [01;36m[KMoveGroupInterface[m[K(const rclcpp::Node::SharedPtr& node, const std::string& group,
[14.319s]       |   [01;36m[K^~~~~~~~~~~~~~~~~~[m[K
[14.319s] [01m[K/opt/ros/humble/include/moveit/move_group_interface/move_group_interface_improved.h:145:3:[m[K [01;36m[Knote: [m[K  candidate expects 4 arguments, 1 provided
[14.319s] [01m[K/opt/ros/humble/include/moveit/move_group_interface/move_group_interface_improved.h:134:3:[m[K [01;36m[Knote: [m[Kcandidate: â€˜[01m[Kmoveit::planning_interface::MoveGroupInterface::MoveGroupInterface(const SharedPtr&, const moveit::planning_interface::MoveGroupInterface::Options&, const std::shared_ptr<tf2_ros::Buffer>&, const rclcpp::Duration&)[m[Kâ€™
[14.319s]   134 |   [01;36m[KMoveGroupInterface[m[K(const rclcpp::Node::SharedPtr& node, const Options& opt,
[14.319s]       |   [01;36m[K^~~~~~~~~~~~~~~~~~[m[K
[14.320s] [01m[K/opt/ros/humble/include/moveit/move_group_interface/move_group_interface_improved.h:134:3:[m[K [01;36m[Knote: [m[K  candidate expects 4 arguments, 1 provided
[19.914s] [ 35%] [32mBuilding CXX object CMakeFiles/move.dir/src/moverp.cpp.o[0m
[21.538s] [ 42%] [32m[1mLinking CXX executable robmove[0m
[22.501s] [ 42%] Built target robmove
[22.526s] [ 50%] [32mBuilding CXX object CMakeFiles/move.dir/src/moverot.cpp.o[0m
[23.283s] [ 57%] [32m[1mLinking CXX executable robpose[0m
[23.797s] gmake[2]: *** [CMakeFiles/letter_writer_node.dir/build.make:76: CMakeFiles/letter_writer_node.dir/src/letter_writer_node.cpp.o] Error 1
[23.798s] gmake[1]: *** [CMakeFiles/Makefile2:221: CMakeFiles/letter_writer_node.dir/all] Error 2
[23.801s] gmake[1]: *** Waiting for unfinished jobs....
[23.818s] [ 64%] [32mBuilding CXX object CMakeFiles/move.dir/src/mover.cpp.o[0m
[24.004s] [ 64%] Built target robpose
[24.027s] [ 71%] [32mBuilding CXX object CMakeFiles/move.dir/src/movel.cpp.o[0m
[32.480s] [01m[K/home/ubuntu/ros2ws/src/ros2_SimRealRobotControl/ros2srrc_execution/src/mover.cpp:[m[K In function â€˜[01m[KMoveRSTRUCT MoveRAction(ros2srrc_data::msg::Joint, std::vector<double, std::allocator<double> >, ros2srrc_data::msg::Specs)[m[Kâ€™:
[32.481s] [01m[K/home/ubuntu/ros2ws/src/ros2_SimRealRobotControl/ros2srrc_execution/src/mover.cpp:67:20:[m[K [01;35m[Kwarning: [m[Kcomparison of integer expressions of different signedness: â€˜[01m[Kint[m[Kâ€™ and â€˜[01m[Kstd::vector<double, std::allocator<double> >::size_type[m[Kâ€™ {aka â€˜[01m[Klong unsigned int[m[Kâ€™} [[01;35m[K]8;;https://gcc.gnu.org/onlinedocs/gcc/Warning-Options.html#index-Wsign-compare-Wsign-compare]8;;[m[K]
[32.481s]    67 |     for (int i=0; [01;35m[Ki<JP.size()[m[K; i++){
[32.481s]       |                   [01;35m[K~^~~~~~~~~~[m[K
[32.483s] [01m[K/home/ubuntu/ros2ws/src/ros2_SimRealRobotControl/ros2srrc_execution/src/mover.cpp:105:24:[m[K [01;35m[Kwarning: [m[Kcomparison of integer expressions of different signedness: â€˜[01m[Kint[m[Kâ€™ and â€˜[01m[Kstd::vector<double, std::allocator<double> >::size_type[m[Kâ€™ {aka â€˜[01m[Klong unsigned int[m[Kâ€™} [[01;35m[K]8;;https://gcc.gnu.org/onlinedocs/gcc/Warning-Options.html#index-Wsign-compare-Wsign-compare]8;;[m[K]
[32.483s]   105 |         for (int i=0; [01;35m[Ki<JP.size()[m[K; i++){
[32.483s]       |                       [01;35m[K~^~~~~~~~~~[m[K
[33.358s] [ 78%] [32mBuilding CXX object CMakeFiles/move.dir/src/movej.cpp.o[0m
[35.508s] [ 85%] [32mBuilding CXX object CMakeFiles/move.dir/src/move.cpp.o[0m
[40.577s] [01m[K/home/ubuntu/ros2ws/src/ros2_SimRealRobotControl/ros2srrc_execution/src/movej.cpp:[m[K In function â€˜[01m[KMoveJSTRUCT MoveJAction(ros2srrc_data::msg::Joints, std::vector<double, std::allocator<double> >, ros2srrc_data::msg::Specs)[m[Kâ€™:
[40.577s] [01m[K/home/ubuntu/ros2ws/src/ros2_SimRealRobotControl/ros2srrc_execution/src/movej.cpp:81:20:[m[K [01;35m[Kwarning: [m[Kcomparison of integer expressions of different signedness: â€˜[01m[Kint[m[Kâ€™ and â€˜[01m[Kstd::vector<double, std::allocator<double> >::size_type[m[Kâ€™ {aka â€˜[01m[Klong unsigned int[m[Kâ€™} [[01;35m[K]8;;https://gcc.gnu.org/onlinedocs/gcc/Warning-Options.html#index-Wsign-compare-Wsign-compare]8;;[m[K]
[40.577s]    81 |     for (int i=0; [01;35m[Ki<JP.size()[m[K; i++){
[40.577s]       |                   [01;35m[K~^~~~~~~~~~[m[K
[40.577s] [01m[K/home/ubuntu/ros2ws/src/ros2_SimRealRobotControl/ros2srrc_execution/src/movej.cpp:95:24:[m[K [01;35m[Kwarning: [m[Kcomparison of integer expressions of different signedness: â€˜[01m[Kint[m[Kâ€™ and â€˜[01m[Kstd::vector<double, std::allocator<double> >::size_type[m[Kâ€™ {aka â€˜[01m[Klong unsigned int[m[Kâ€™} [[01;35m[K]8;;https://gcc.gnu.org/onlinedocs/gcc/Warning-Options.html#index-Wsign-compare-Wsign-compare]8;;[m[K]
[40.577s]    95 |         for (int i=0; [01;35m[Ki<JP.size()[m[K; i++){
[40.577s]       |                       [01;35m[K~^~~~~~~~~~[m[K
[40.577s] [01m[K/home/ubuntu/ros2ws/src/ros2_SimRealRobotControl/ros2srrc_execution/src/movej.cpp:105:24:[m[K [01;35m[Kwarning: [m[Kcomparison of integer expressions of different signedness: â€˜[01m[Kint[m[Kâ€™ and â€˜[01m[Kstd::vector<std::__cxx11::basic_string<char> >::size_type[m[Kâ€™ {aka â€˜[01m[Klong unsigned int[m[Kâ€™} [[01;35m[K]8;;https://gcc.gnu.org/onlinedocs/gcc/Warning-Options.html#index-Wsign-compare-Wsign-compare]8;;[m[K]
[40.577s]   105 |         for (int k=0; [01;35m[Kk<jointLIST.size()[m[K; k++){
[40.578s]       |                       [01;35m[K~^~~~~~~~~~~~~~~~~[m[K
[42.362s] [01m[K/home/ubuntu/ros2ws/src/ros2_SimRealRobotControl/ros2srrc_execution/src/move.cpp:[m[K In function â€˜[01m[Kmoveit::planning_interface::MoveGroupInterface::Plan plan_ROB()[m[Kâ€™:
[42.362s] [01m[K/home/ubuntu/ros2ws/src/ros2_SimRealRobotControl/ros2srrc_execution/src/move.cpp:124:108:[m[K [01;35m[Kwarning: [m[Kâ€˜[01m[Kusing MoveItErrorCode = class moveit::core::MoveItErrorCode[m[Kâ€™ is deprecated: Use moveit::core::MoveItErrorCode [[01;35m[K]8;;https://gcc.gnu.org/onlinedocs/gcc/Warning-Options.html#index-Wdeprecated-declarations-Wdeprecated-declarations]8;;[m[K]
[42.363s]   124 |     bool success = (move_group_interface_ROB.plan(my_plan) == moveit::planning_interface::MoveItErrorCode::[01;35m[KSUCCESS[m[K);
[42.363s]       |                                                                                                            [01;35m[K^~~~~~~[m[K
[42.363s] In file included from [01m[K/home/ubuntu/ros2ws/src/ros2_SimRealRobotControl/ros2srrc_execution/include/ros2srrc_execution/movej.h:43[m[K,
[42.363s]                  from [01m[K/home/ubuntu/ros2ws/src/ros2_SimRealRobotControl/ros2srrc_execution/src/move.cpp:42[m[K:
[42.363s] [01m[K/opt/ros/humble/include/moveit/move_group_interface/move_group_interface_improved.h:71:7:[m[K [01;36m[Knote: [m[Kdeclared here
[42.363s]    71 | using [01;36m[KMoveItErrorCode[m[K [[deprecated("Use moveit::core::MoveItErrorCode")]] = moveit::core::MoveItErrorCode;
[42.363s]       |       [01;36m[K^~~~~~~~~~~~~~~[m[K
[42.363s] [01m[K/home/ubuntu/ros2ws/src/ros2_SimRealRobotControl/ros2srrc_execution/src/move.cpp:[m[K In function â€˜[01m[Kmoveit::planning_interface::MoveGroupInterface::Plan plan_EE()[m[Kâ€™:
[42.363s] [01m[K/home/ubuntu/ros2ws/src/ros2_SimRealRobotControl/ros2srrc_execution/src/move.cpp:143:107:[m[K [01;35m[Kwarning: [m[Kâ€˜[01m[Kusing MoveItErrorCode = class moveit::core::MoveItErrorCode[m[Kâ€™ is deprecated: Use moveit::core::MoveItErrorCode [[01;35m[K]8;;https://gcc.gnu.org/onlinedocs/gcc/Warning-Options.html#index-Wdeprecated-declarations-Wdeprecated-declarations]8;;[m[K]
[42.363s]   143 |     bool success = (move_group_interface_EE.plan(my_plan) == moveit::planning_interface::MoveItErrorCode::[01;35m[KSUCCESS[m[K);
[42.364s]       |                                                                                                           [01;35m[K^~~~~~~[m[K
[42.364s] In file included from [01m[K/home/ubuntu/ros2ws/src/ros2_SimRealRobotControl/ros2srrc_execution/include/ros2srrc_execution/movej.h:43[m[K,
[42.364s]                  from [01m[K/home/ubuntu/ros2ws/src/ros2_SimRealRobotControl/ros2srrc_execution/src/move.cpp:42[m[K:
[42.364s] [01m[K/opt/ros/humble/include/moveit/move_group_interface/move_group_interface_improved.h:71:7:[m[K [01;36m[Knote: [m[Kdeclared here
[42.364s]    71 | using [01;36m[KMoveItErrorCode[m[K [[deprecated("Use moveit::core::MoveItErrorCode")]] = moveit::core::MoveItErrorCode;
[42.364s]       |       [01;36m[K^~~~~~~~~~~~~~~[m[K
[42.423s] [01m[K/home/ubuntu/ros2ws/src/ros2_SimRealRobotControl/ros2srrc_execution/src/move.cpp:[m[K In member function â€˜[01m[Krclcpp_action::GoalResponse ActionServer::handle_goal(const GoalUUID&, std::shared_ptr<const ros2srrc_data::action::Move_Goal_<std::allocator<void> > >)[m[Kâ€™:
[42.423s] [01m[K/home/ubuntu/ros2ws/src/ros2_SimRealRobotControl/ros2srrc_execution/src/move.cpp:193:16:[m[K [01;35m[Kwarning: [m[Kunused variable â€˜[01m[Kspeed[m[Kâ€™ [[01;35m[K]8;;https://gcc.gnu.org/onlinedocs/gcc/Warning-Options.html#index-Wunused-variable-Wunused-variable]8;;[m[K]
[42.423s]   193 |         double [01;35m[Kspeed[m[K = goal->speed;
[42.423s]       |                [01;35m[K^~~~~[m[K
[42.423s] [01m[K/home/ubuntu/ros2ws/src/ros2_SimRealRobotControl/ros2srrc_execution/src/move.cpp:187:41:[m[K [01;35m[Kwarning: [m[Kunused parameter â€˜[01m[Kuuid[m[Kâ€™ [[01;35m[K]8;;https://gcc.gnu.org/onlinedocs/gcc/Warning-Options.html#index-Wunused-parameter-Wunused-parameter]8;;[m[K]
[42.423s]   187 |         [01;35m[Kconst rclcpp_action::GoalUUID & uuid[m[K,
[42.423s]       |         [01;35m[K~~~~~~~~~~~~~~~~~~~~~~~~~~~~~~~~^~~~[m[K
[42.442s] [01m[K/home/ubuntu/ros2ws/src/ros2_SimRealRobotControl/ros2srrc_execution/src/move.cpp:[m[K In member function â€˜[01m[Kvoid ActionServer::execute(std::shared_ptr<rclcpp_action::ServerGoalHandle<ros2srrc_data::action::Move> >)[m[Kâ€™:
[42.442s] [01m[K/home/ubuntu/ros2ws/src/ros2_SimRealRobotControl/ros2srrc_execution/src/move.cpp:371:122:[m[K [01;35m[Kwarning: [m[Kâ€˜[01m[Kusing MoveItErrorCode = class moveit::core::MoveItErrorCode[m[Kâ€™ is deprecated: Use moveit::core::MoveItErrorCode [[01;35m[K]8;;https://gcc.gnu.org/onlinedocs/gcc/Warning-Options.html#index-Wdeprecated-declarations-Wdeprecated-declarations]8;;[m[K]
[42.442s]   371 |             bool ExecSUCCESS = (move_group_interface_ROB.execute(MyPlan) == moveit::planning_interface::MoveItErrorCode::[01;35m[KSUCCESS[m[K);
[42.442s]       |                                                                                                                          [01;35m[K^~~~~~~[m[K
[42.442s] In file included from [01m[K/home/ubuntu/ros2ws/src/ros2_SimRealRobotControl/ros2srrc_execution/include/ros2srrc_execution/movej.h:43[m[K,
[42.442s]                  from [01m[K/home/ubuntu/ros2ws/src/ros2_SimRealRobotControl/ros2srrc_execution/src/move.cpp:42[m[K:
[42.442s] [01m[K/opt/ros/humble/include/moveit/move_group_interface/move_group_interface_improved.h:71:7:[m[K [01;36m[Knote: [m[Kdeclared here
[42.442s]    71 | using [01;36m[KMoveItErrorCode[m[K [[deprecated("Use moveit::core::MoveItErrorCode")]] = moveit::core::MoveItErrorCode;
[42.442s]       |       [01;36m[K^~~~~~~~~~~~~~~[m[K
[47.065s] [ 92%] [32m[1mLinking CXX executable move[0m
[47.544s] [ 92%] Built target move
[47.544s] gmake: *** [Makefile:146: all] Error 2
[47.547s] Invoked command in '/home/ubuntu/ros2ws/build/ros2srrc_execution' returned '2': CMAKE_PREFIX_PATH=/home/ubuntu/ros2ws/install/ros2srrc_data:/home/ubuntu/ros2ws/install/ros2_robotiqgripper:/home/ubuntu/ros2ws/install/linkattacher_msgs:/home/ubuntu/ros2ws/install/abb_robot_msgs:/home/ubuntu/ros2ws2/install/ur5_ros2_moveit2:/home/ubuntu/ros2ws2/install/ur5_ros2_gazebo:/home/ubuntu/ros2ws2/install/ur3_ros2_moveit2:/home/ubuntu/ros2ws2/install/ur3_ros2_gazebo:/home/ubuntu/ros2ws2/install/ur10_ros2_moveit2:/home/ubuntu/ros2ws2/install/ur10_ros2_gazebo:/home/ubuntu/ros2ws2/install/ros2_grasping:/home/ubuntu/ros2ws2/install/ros2_execution:/home/ubuntu/ros2ws2/install/ros2_actions:/home/ubuntu/ros2ws2/install/panda_ros2_moveit2:/home/ubuntu/ros2ws2/install/irb6640_ros2_moveit2:/home/ubuntu/ros2ws2/install/irb120_ros2_moveit2:/home/ubuntu/ros2ws2/install/irb1200_ros2_moveit2:/home/ubuntu/ros2ws2/install/iiwa_ros2_moveit2:/home/ubuntu/ros2ws2/install/cr35ia_ros2_moveit2:/home/ubuntu/ros2ws2/install/ros2_data:/home/ubuntu/ros2ws2/install/panda_ros2_gazebo:/home/ubuntu/ros2ws2/install/irb6640_ros2_gazebo:/home/ubuntu/ros2ws2/install/irb120_ros2_gazebo:/home/ubuntu/ros2ws2/install/irb1200_ros2_gazebo:/home/ubuntu/ros2ws2/install/iiwa_ros2_gazebo:/home/ubuntu/ros2ws2/install/gazebo_ros2_control_demos:/home/ubuntu/ros2ws2/install/gazebo_ros2_control:/home/ubuntu/ros2ws2/install/cr35ia_ros2_gazebo:/home/ubuntu/ros2ws/install/ros2srrc_ur5_moveit2:/home/ubuntu/ros2ws/install/ros2srrc_ur5_gazebo:/home/ubuntu/ros2ws/install/ros2srrc_ur3_moveit2:/home/ubuntu/ros2ws/install/ros2srrc_ur3_gazebo:/home/ubuntu/ros2ws/install/ros2srrc_ur16e_moveit2:/home/ubuntu/ros2ws/install/ros2srrc_ur16e_gazebo:/home/ubuntu/ros2ws/install/ros2srrc_ur10e_moveit2:/home/ubuntu/ros2ws/install/ros2srrc_ur10e_gazebo:/home/ubuntu/ros2ws/install/ros2srrc_robots:/home/ubuntu/ros2ws/install/ros2srrc_launch:/home/ubuntu/ros2ws/install/ros2srrc_irb6640_moveit2:/home/ubuntu/ros2ws/install/ros2srrc_irb6640_gazebo:/home/ubuntu/ros2ws/install/ros2srrc_irb120_moveit2:/home/ubuntu/ros2ws/install/ros2srrc_irb120_gazebo:/home/ubuntu/ros2ws/install/ros2srrc_irb1200_moveit2:/home/ubuntu/ros2ws/install/ros2srrc_irb1200_gazebo:/home/ubuntu/ros2ws/install/ros2srrc_iiwa_moveit2:/home/ubuntu/ros2ws/install/ros2srrc_iiwa_gazebo:/home/ubuntu/ros2ws/install/ros2srrc_endeffectors:/home/ubuntu/ros2ws/install/ros2_objectpose:/home/ubuntu/ros2ws/install/ros2_linkpose:/home/ubuntu/ros2ws/install/ros2_linkattacher:/home/ubuntu/ros2ws/install/objectpose_msgs:/home/ubuntu/ros2ws/install/objectpose_gazebo:/home/ubuntu/ros2ws/install/linkpose_msgs:/home/ubuntu/ros2ws/install/linkpose_gazebo:/home/ubuntu/ros2ws/install/letter_writer:/home/ubuntu/ros2ws/install/gazebo_ros2_control_demos:/home/ubuntu/ros2ws/install/gazebo_ros2_control:/home/ubuntu/ros2ws/install/abb_rws_client:/home/ubuntu/ros2ws/install/abb_ros2:/home/ubuntu/ros2ws/install/abb_resources:/home/ubuntu/ros2ws/install/abb_rapid_sm_addin_msgs:/home/ubuntu/ros2ws/install/abb_rapid_msgs:/home/ubuntu/ros2ws/install/abb_hardware_interface:/home/ubuntu/ros2ws/install/abb_egm_rws_managers:/home/ubuntu/ros2ws/install/abb_librws:/home/ubuntu/ros2ws/install/abb_libegm:/home/ubuntu/ros2ws/install/abb_irb4600_support:/home/ubuntu/ros2ws/install/abb_irb1200_5_90_moveit_config:/home/ubuntu/ros2ws/install/abb_irb1200_support:/home/ubuntu/ros2ws/install/abb_egm_msgs:/home/ubuntu/ros2ws/install/abb_bringup:/opt/ros/humble LD_LIBRARY_PATH=/home/ubuntu/ros2ws/install/ros2srrc_data/lib:/home/ubuntu/ros2ws/install/ros2_robotiqgripper/lib:/home/ubuntu/ros2ws/install/linkattacher_msgs/lib:/home/ubuntu/ros2ws/install/abb_robot_msgs/lib:/home/ubuntu/ros2ws2/install/ros2_grasping/lib:/home/ubuntu/ros2ws2/install/ros2_data/lib:/home/ubuntu/ros2ws2/install/gazebo_ros2_control/lib:/home/ubuntu/ros2ws/install/ros2_objectpose/lib:/home/ubuntu/ros2ws/install/ros2_linkpose/lib:/home/ubuntu/ros2ws/install/ros2_linkattacher/lib:/home/ubuntu/ros2ws/install/objectpose_msgs/lib:/home/ubuntu/ros2ws/install/linkpose_msgs/lib:/home/ubuntu/ros2ws/install/gazebo_ros2_control/lib:/home/ubuntu/ros2ws/install/abb_rapid_sm_addin_msgs/lib:/home/ubuntu/ros2ws/install/abb_rapid_msgs/lib:/home/ubuntu/ros2ws/install/abb_hardware_interface/lib:/home/ubuntu/ros2ws/install/abb_egm_rws_managers/lib:/home/ubuntu/ros2ws/install/abb_librws/lib:/home/ubuntu/ros2ws/install/abb_libegm/lib:/home/ubuntu/ros2ws/install/abb_egm_msgs/lib:/usr/lib/x86_64-linux-gnu/gazebo-11/plugins:/opt/ros/humble/opt/rviz_ogre_vendor/lib:/opt/ros/humble/lib/x86_64-linux-gnu:/opt/ros/humble/lib /usr/bin/cmake --build /home/ubuntu/ros2ws/build/ros2srrc_execution -- -j4 -l4
