[ 10%] Built target linkattacher_msgs__rosidl_generator_c
[35m[1mConsolidate compiler generated dependencies of target linkattacher_msgs__rosidl_typesupport_c[0m
[ 12%] Built target linkattacher_msgs__cpp
[35m[1mConsolidate compiler generated dependencies of target linkattacher_msgs__rosidl_typesupport_fastrtps_c[0m
failed to create symbolic link '/home/ubuntu/ros2ws/build/linkattacher_msgs/ament_cmake_python/linkattacher_msgs/linkattacher_msgs' because existing path cannot be removed: Is a directory
gmake[2]: *** [CMakeFiles/ament_cmake_python_symlink_linkattacher_msgs.dir/build.make:70: CMakeFiles/ament_cmake_python_symlink_linkattacher_msgs] Error 1
gmake[1]: *** [CMakeFiles/Makefile2:421: CMakeFiles/ament_cmake_python_symlink_linkattacher_msgs.dir/all] Error 2
gmake[1]: *** Waiting for unfinished jobs....
[ 23%] Built target linkattacher_msgs__rosidl_typesupport_c
[35m[1mConsolidate compiler generated dependencies of target linkattacher_msgs__rosidl_typesupport_introspection_c[0m
[ 33%] Built target linkattacher_msgs__rosidl_typesupport_fastrtps_c
[ 43%] Built target linkattacher_msgs__rosidl_typesupport_introspection_c
gmake: *** [Makefile:146: all] Error 2
