[ 13%] Built target abb_robot_msgs__rosidl_generator_c
[ 13%] Built target abb_robot_msgs__cpp
failed to create symbolic link '/home/ubuntu/ros2ws/build/abb_robot_msgs/ament_cmake_python/abb_robot_msgs/abb_robot_msgs' because existing path cannot be removed: Is a directory
gmake[2]: *** [CMakeFiles/ament_cmake_python_symlink_abb_robot_msgs.dir/build.make:70: CMakeFiles/ament_cmake_python_symlink_abb_robot_msgs] Error 1
gmake[1]: *** [CMakeFiles/Makefile2:421: CMakeFiles/ament_cmake_python_symlink_abb_robot_msgs.dir/all] Error 2
gmake[1]: *** Waiting for unfinished jobs....
[35m[1mConsolidate compiler generated dependencies of target abb_robot_msgs__rosidl_typesupport_introspection_c[0m
[35m[1mConsolidate compiler generated dependencies of target abb_robot_msgs__rosidl_typesupport_c[0m
[35m[1mConsolidate compiler generated dependencies of target abb_robot_msgs__rosidl_typesupport_fastrtps_c[0m
[ 25%] Built target abb_robot_msgs__rosidl_typesupport_introspection_c
[ 37%] Built target abb_robot_msgs__rosidl_typesupport_c
[ 49%] Built target abb_robot_msgs__rosidl_typesupport_fastrtps_c
gmake: *** [Makefile:146: all] Error 2
